<?xml version="1.0" encoding="UTF-8"?>
<testsuite xmlns:xsi="http://www.w3.org/2001/XMLSchema-instance" xsi:noNamespaceSchemaLocation="https://maven.apache.org/surefire/maven-surefire-plugin/xsd/surefire-test-report.xsd" version="3.0.1" name="Ecogrid.modelos.ListaEnlazadaTest" time="0.012" tests="5" errors="0" skipped="0" failures="0">
  <properties>
[...]
</properties>
  <testcase name="agregarVariosYListarTodos" classname="Ecogrid.modelos.ListaEnlazadaTest" time="0.001"/>
  <testcase name="eliminarPorIdRemueveElElemento" classname="Ecogrid.modelos.ListaEnlazadaTest" time="0.002"/>
  <testcase name="agregarYBuscarPorId" classname="Ecogrid.modelos.ListaEnlazadaTest" time="0.002"/>
  <testcase name="buscarPorIdRetornaNullSiNoExiste" classname="Ecogrid.modelos.ListaEnlazadaTest" time="0.001"/>
  <testcase name="listaVaciaAlCrear" classname="Ecogrid.modelos.ListaEnlazadaTest" time="0.001"/>
</testsuite>